<?xml version="1.0" encoding="UTF-8"?>
<!-- Generated by org.testng.reporters.JUnitReportReporter -->
<testsuite hostname="DESKTOP-BP3T59L" failures="0" tests="1" name="testcases.WishlistPageTest" time="26.234" errors="0" timestamp="03 Jun 2020 09:54:59 GMT" skipped="0">
  <testcase classname="testcases.WishlistPageTest" name="verifyProductInWishList" time="26.234"/>
</testsuite> <!-- testcases.WishlistPageTest -->
