<?xml version="1.0" encoding="UTF-8"?>
<!-- Generated by org.testng.reporters.JUnitReportReporter -->
<testsuite hostname="DESKTOP-BP3T59L" failures="0" tests="5" name="testcases.LoginPageTest" time="83.519" errors="0" timestamp="02 Jun 2020 10:53:44 GMT" skipped="0">
  <testcase classname="testcases.LoginPageTest" name="testLogInSuccesful" time="19.537"/>
  <testcase classname="testcases.LoginPageTest" name="testLogInInvalidEmail" time="13.394"/>
  <testcase classname="testcases.LoginPageTest" name="testLogInInvalidPassword" time="16.515"/>
  <testcase classname="testcases.LoginPageTest" name="testLogInInvalidEmail" time="19.011"/>
  <testcase classname="testcases.LoginPageTest" name="testLogInInvalidPassword" time="15.062"/>
</testsuite> <!-- testcases.LoginPageTest -->
