<?xml version="1.0" encoding="UTF-8"?>
<!-- Generated by org.testng.reporters.JUnitReportReporter -->
<testsuite hostname="DESKTOP-BP3T59L" failures="0" tests="1" name="testcases.WishlistPageTest" time="16.207" errors="0" timestamp="27 May 2020 07:00:50 GMT" skipped="0">
  <testcase classname="testcases.WishlistPageTest" name="verifyProductInWishList" time="16.207"/>
</testsuite> <!-- testcases.WishlistPageTest -->
